{
  level: 'error',
  message: '401: Unauthorised access. Try again with correct details',
  timestamp: '2020-07-23T13:20:54.259Z'
}
{
  level: 'error',
  message: '401: Unauthorised access. Try again with correct details',
  timestamp: '2020-07-23T13:21:42.180Z'
}
{
  level: 'error',
  message: '404: Unable to be found. Please register for an account',
  timestamp: '2020-07-23T13:49:13.764Z'
}
{
  level: 'error',
  message: '404: Unable to be found. Please register for an account',
  timestamp: '2020-07-23T13:49:46.662Z'
}
{
  level: 'error',
  message: '401: Unauthorised access. Try again with correct details',
  timestamp: '2020-07-23T13:51:34.050Z'
}
{
  level: 'error',
  message: '401: Unauthorised access. Try again with correct details',
  timestamp: '2020-07-23T13:51:34.050Z'
}
{
  level: 'error',
  message: '401: Unauthorised access. Try again with correct details',
  timestamp: '2020-07-23T13:51:37.823Z'
}
{
  level: 'error',
  message: '401: Unauthorised access. Try again with correct details',
  timestamp: '2020-07-23T13:51:37.824Z'
}
{
  level: 'error',
  message: '400:[object Object]',
  timestamp: '2020-07-23T13:54:41.949Z'
}
{
  level: 'error',
  message: '400:[object Object]',
  timestamp: '2020-07-23T13:59:13.424Z'
}
{
  level: 'error',
  message: '400:[object Object]',
  timestamp: '2020-07-23T14:00:28.206Z'
}
{
  level: 'error',
  message: '400:[object Object]',
  timestamp: '2020-07-23T14:00:39.852Z'
}
{
  level: 'error',
  message: '400:[object Object]',
  timestamp: '2020-07-23T14:00:53.035Z'
}
{
  level: 'error',
  message: '400:[object Object]',
  timestamp: '2020-07-23T14:02:52.292Z'
}
